Flow report for 381_proj_part1
Thu Feb 22 10:04:26 2018
Quartus Prime Version 16.1.0 Build 196 10/24/2016 SJ Standard Edition


---------------------
; Table of Contents ;
---------------------
  1. Legal Notice
  2. Flow Summary
  3. Flow Settings
  4. Flow Non-Default Global Settings
  5. Flow Elapsed Time
  6. Flow OS Summary
  7. Flow Log
  8. Flow Messages
  9. Flow Suppressed Messages



----------------
; Legal Notice ;
----------------
Copyright (C) 2016  Intel Corporation. All rights reserved.
Your use of Intel Corporation's design tools, logic functions 
and other software and tools, and its AMPP partner logic 
functions, and any output files from any of the foregoing 
(including device programming or simulation files), and any 
associated documentation or information are expressly subject 
to the terms and conditions of the Intel Program License 
Subscription Agreement, the Intel Quartus Prime License Agreement,
the Intel MegaCore Function License Agreement, or other 
applicable license agreement, including, without limitation, 
that your use is for the sole purpose of programming logic 
devices manufactured by Intel and sold by Intel or its 
authorized distributors.  Please refer to the applicable 
agreement for further details.



+--------------------------------------------------------------------------------------+
; Flow Summary                                                                         ;
+------------------------------------+-------------------------------------------------+
; Flow Status                        ; Successful - Thu Feb 22 10:03:23 2018           ;
; Quartus Prime Version              ; 16.1.0 Build 196 10/24/2016 SJ Standard Edition ;
; Revision Name                      ; 381_proj_part1                                  ;
; Top-level Entity Name              ; alu_datapath                                    ;
; Family                             ; Cyclone IV E                                    ;
; Device                             ; EP4CE115F29C7                                   ;
; Timing Models                      ; Final                                           ;
; Total logic elements               ; 41,533 / 114,480 ( 36 % )                       ;
;     Total combinational functions  ; 24,749 / 114,480 ( 22 % )                       ;
;     Dedicated logic registers      ; 33,760 / 114,480 ( 29 % )                       ;
; Total registers                    ; 33760                                           ;
; Total pins                         ; 43 / 529 ( 8 % )                                ;
; Total virtual pins                 ; 0                                               ;
; Total memory bits                  ; 0 / 3,981,312 ( 0 % )                           ;
; Embedded Multiplier 9-bit elements ; 0 / 532 ( 0 % )                                 ;
; Total PLLs                         ; 0 / 4 ( 0 % )                                   ;
+------------------------------------+-------------------------------------------------+


+-----------------------------------------+
; Flow Settings                           ;
+-------------------+---------------------+
; Option            ; Setting             ;
+-------------------+---------------------+
; Start date & time ; 02/22/2018 09:49:02 ;
; Main task         ; Compilation         ;
; Revision Name     ; 381_proj_part1      ;
+-------------------+---------------------+


+---------------------------------------------------------------------------------------------------------------------------+
; Flow Non-Default Global Settings                                                                                          ;
+-------------------------------------+----------------------------------------+----------------+--------------+------------+
; Assignment Name                     ; Value                                  ; Default Value  ; Entity Name  ; Section Id ;
+-------------------------------------+----------------------------------------+----------------+--------------+------------+
; COMPILER_SIGNATURE_ID               ; 88623634921150.151931454206776         ; --             ; --           ; --         ;
; MAX_CORE_JUNCTION_TEMP              ; 85                                     ; --             ; --           ; --         ;
; MIN_CORE_JUNCTION_TEMP              ; 0                                      ; --             ; --           ; --         ;
; NOMINAL_CORE_SUPPLY_VOLTAGE         ; 1.2V                                   ; --             ; --           ; --         ;
; PARTITION_COLOR                     ; -- (Not supported for targeted family) ; --             ; alu_datapath ; Top        ;
; PARTITION_FITTER_PRESERVATION_LEVEL ; -- (Not supported for targeted family) ; --             ; alu_datapath ; Top        ;
; PARTITION_NETLIST_TYPE              ; -- (Not supported for targeted family) ; --             ; alu_datapath ; Top        ;
; POWER_BOARD_THERMAL_MODEL           ; None (CONSERVATIVE)                    ; --             ; --           ; --         ;
; POWER_PRESET_COOLING_SOLUTION       ; 23 MM HEAT SINK WITH 200 LFPM AIRFLOW  ; --             ; --           ; --         ;
; PROJECT_OUTPUT_DIRECTORY            ; output_files                           ; --             ; --           ; --         ;
; TIMEQUEST_DO_REPORT_TIMING          ; On                                     ; Off            ; --           ; --         ;
; TOP_LEVEL_ENTITY                    ; alu_datapath                           ; 381_proj_part1 ; --           ; --         ;
+-------------------------------------+----------------------------------------+----------------+--------------+------------+


+-------------------------------------------------------------------------------------------------------------------------------+
; Flow Elapsed Time                                                                                                             ;
+---------------------------+--------------+-------------------------+---------------------+------------------------------------+
; Module Name               ; Elapsed Time ; Average Processors Used ; Peak Virtual Memory ; Total CPU Time (on all processors) ;
+---------------------------+--------------+-------------------------+---------------------+------------------------------------+
; Analysis & Synthesis      ; 00:01:51     ; 1.0                     ; 962 MB              ; 00:01:57                           ;
; Fitter                    ; 00:12:03     ; 1.0                     ; 2169 MB             ; 00:16:44                           ;
; Assembler                 ; 00:00:06     ; 1.0                     ; 713 MB              ; 00:00:05                           ;
; TimeQuest Timing Analyzer ; 00:01:02     ; 1.3                     ; 1728 MB             ; 00:01:06                           ;
; Total                     ; 00:15:02     ; --                      ; --                  ; 00:19:52                           ;
+---------------------------+--------------+-------------------------+---------------------+------------------------------------+


+-----------------------------------------------------------------------------------------+
; Flow OS Summary                                                                         ;
+---------------------------+------------------+------------+------------+----------------+
; Module Name               ; Machine Hostname ; OS Name    ; OS Version ; Processor type ;
+---------------------------+------------------+------------+------------+----------------+
; Analysis & Synthesis      ; CO2050-24        ; Windows 10 ; 10.0       ; x86_64         ;
; Fitter                    ; CO2050-24        ; Windows 10 ; 10.0       ; x86_64         ;
; Assembler                 ; CO2050-24        ; Windows 10 ; 10.0       ; x86_64         ;
; TimeQuest Timing Analyzer ; CO2050-24        ; Windows 10 ; 10.0       ; x86_64         ;
+---------------------------+------------------+------------+------------+----------------+


------------
; Flow Log ;
------------
quartus_map --read_settings_files=on --write_settings_files=off 381_proj_part1 -c 381_proj_part1
quartus_fit --read_settings_files=off --write_settings_files=off 381_proj_part1 -c 381_proj_part1
quartus_asm --read_settings_files=off --write_settings_files=off 381_proj_part1 -c 381_proj_part1
quartus_sta 381_proj_part1 -c 381_proj_part1



